<?xml version="1.0" encoding="UTF-8"?>
<testsuite name="ReviewTest" tests="5" skipped="0" failures="0" errors="0" timestamp="2016-05-04T23:12:49" hostname="epicodus-31.local" time="0.05">
  <properties/>
  <testcase name="all_emptyAtFirst" classname="ReviewTest" time="0.01"/>
  <testcase name="Review_instantiatesCorrectly_True" classname="ReviewTest" time="0.005"/>
  <testcase name="save_assignsIdToObject" classname="ReviewTest" time="0.015"/>
  <testcase name="getInfo_reviewInstantiatesWithInfo_String" classname="ReviewTest" time="0.005"/>
  <testcase name="find_findsReviewInDatabase_true" classname="ReviewTest" time="0.013"/>
  <system-out><![CDATA[]]></system-out>
  <system-err><![CDATA[]]></system-err>
</testsuite>
