<?xml version="1.0" encoding="UTF-8"?>
<testsuite name="RestaurantTest" tests="7" skipped="0" failures="0" errors="0" timestamp="2016-05-04T23:12:49" hostname="epicodus-31.local" time="0.059">
  <properties/>
  <testcase name="all_emptyAtFirst" classname="RestaurantTest" time="0.01"/>
  <testcase name="equals_returnsTrueifNameIsTheSame" classname="RestaurantTest" time="0.005"/>
  <testcase name="getName_restaurantInstantiatesWithName_String" classname="RestaurantTest" time="0.005"/>
  <testcase name="find_findsRestaurantInDatabase_true" classname="RestaurantTest" time="0.015"/>
  <testcase name="save_assignsIdToObject" classname="RestaurantTest" time="0.014"/>
  <testcase name="Restaurant_instantiatesCorrectly_True" classname="RestaurantTest" time="0.005"/>
  <testcase name="getDescription_restaurantInstantiatesWithDescription_String" classname="RestaurantTest" time="0.005"/>
  <system-out><![CDATA[]]></system-out>
  <system-err><![CDATA[]]></system-err>
</testsuite>
