<?xml version="1.0" encoding="UTF-8"?>
<testsuite name="CuisineTest" tests="8" skipped="0" failures="0" errors="0" timestamp="2016-05-05T17:27:20" hostname="epicodus-31.local" time="0.191">
  <properties/>
  <testcase name="Cuisine_instantiatesCorrectly_true" classname="CuisineTest" time="0.077"/>
  <testcase name="getRestaurants_retrievesAllRestaurantsFromDatabase_RestaurantsList" classname="CuisineTest" time="0.052"/>
  <testcase name="find_findsCuisineInDatabase_true" classname="CuisineTest" time="0.014"/>
  <testcase name="all_emptyAtFirst" classname="CuisineTest" time="0.009"/>
  <testcase name="save_returnsTrueIfDescriptionsAreTheSame" classname="CuisineTest" time="0.013"/>
  <testcase name="equals_returnsTrueIfTypesAreTheSame" classname="CuisineTest" time="0.006"/>
  <testcase name="save_assignsIdToObject" classname="CuisineTest" time="0.012"/>
  <testcase name="getCuisineType_cuisineInstantiatesWithCuisineType_String" classname="CuisineTest" time="0.005"/>
  <system-out><![CDATA[[Restaurant@3daa7e4c, Restaurant@28acd344]
]]></system-out>
  <system-err><![CDATA[]]></system-err>
</testsuite>
