<?xml version="1.0" encoding="UTF-8"?>
<testsuite name="CuisineTest" tests="7" skipped="0" failures="0" errors="0" timestamp="2016-05-04T23:41:39" hostname="epicodus-31.local" time="0.18">
  <properties/>
  <testcase name="Cuisine_instantiatesCorrectly_true" classname="CuisineTest" time="0.092"/>
  <testcase name="find_findsCuisineInDatabase_true" classname="CuisineTest" time="0.037"/>
  <testcase name="all_emptyAtFirst" classname="CuisineTest" time="0.01"/>
  <testcase name="save_returnsTrueIfDescriptionsAreTheSame" classname="CuisineTest" time="0.015"/>
  <testcase name="equals_returnsTrueIfTypesAreTheSame" classname="CuisineTest" time="0.005"/>
  <testcase name="save_assignsIdToObject" classname="CuisineTest" time="0.015"/>
  <testcase name="getCuisineType_cuisineInstantiatesWithCuisineType_String" classname="CuisineTest" time="0.006"/>
  <system-out><![CDATA[]]></system-out>
  <system-err><![CDATA[]]></system-err>
</testsuite>
